# JRE version: OpenJDK Runtime Environment (8.0_152-b01) (build 1.8.0_152-release-1248-b01)
# Java VM: OpenJDK 64-Bit Server VM (25.152-b01 mixed mode windows-amd64 compressed oops)
Heap:
 PSYoungGen      total 817664K, used 307974K [0x000000076ab00000, 0x00000007a6280000, 0x00000007c0000000)
  eden space 800256K, 36% used [0x000000076ab00000,0x000000077c70a680,0x000000079b880000)
  from space 17408K, 98% used [0x000000079d680000,0x000000079e737358,0x000000079e780000)
  to   space 87040K, 0% used [0x00000007a0d80000,0x00000007a0d80000,0x00000007a6280000)
 ParOldGen       total 521728K, used 172312K [0x00000006c0000000, 0x00000006dfd80000, 0x000000076ab00000)
  object space 521728K, 33% used [0x00000006c0000000,0x00000006ca846088,0x00000006dfd80000)
 Metaspace       used 122487K, capacity 131710K, committed 131968K, reserved 1165312K
  class space    used 15138K, capacity 16686K, committed 16768K, reserved 1048576K
GC Heap History (10 events):
Event: 7111.143 GC heap before
{Heap before GC invocations=57 (full 6):
 PSYoungGen      total 1041408K, used 980843K [0x000000076ab00000, 0x00000007b4280000, 0x00000007c0000000)
  eden space 969216K, 100% used [0x000000076ab00000,0x00000007a5d80000,0x00000007a5d80000)
  from space 72192K, 16% used [0x00000007afc00000,0x00000007b075afe0,0x00000007b4280000)
  to   space 117248K, 0% used [0x00000007a5d80000,0x00000007a5d80000,0x00000007ad000000)
 ParOldGen       total 521728K, used 172288K [0x00000006c0000000, 0x00000006dfd80000, 0x000000076ab00000)
  object space 521728K, 33% used [0x00000006c0000000,0x00000006ca840088,0x00000006dfd80000)
 Metaspace       used 122389K, capacity 131706K, committed 131968K, reserved 1165312K
  class space    used 15136K, capacity 16686K, committed 16768K, reserved 1048576K
Event: 7111.153 GC heap after
Heap after GC invocations=57 (full 6):
 PSYoungGen      total 950784K, used 18134K [0x000000076ab00000, 0x00000007b1080000, 0x00000007c0000000)
  eden space 932352K, 0% used [0x000000076ab00000,0x000000076ab00000,0x00000007a3980000)
  from space 18432K, 98% used [0x00000007a5d80000,0x00000007a6f359a0,0x00000007a6f80000)
  to   space 110080K, 0% used [0x00000007aa500000,0x00000007aa500000,0x00000007b1080000)
 ParOldGen       total 521728K, used 172296K [0x00000006c0000000, 0x00000006dfd80000, 0x000000076ab00000)
  object space 521728K, 33% used [0x00000006c0000000,0x00000006ca842088,0x00000006dfd80000)
 Metaspace       used 122389K, capacity 131706K, committed 131968K, reserved 1165312K
  class space    used 15136K, capacity 16686K, committed 16768K, reserved 1048576K
}
Event: 7127.144 GC heap before
{Heap before GC invocations=58 (full 6):
 PSYoungGen      total 950784K, used 950486K [0x000000076ab00000, 0x00000007b1080000, 0x00000007c0000000)
  eden space 932352K, 100% used [0x000000076ab00000,0x00000007a3980000,0x00000007a3980000)
  from space 18432K, 98% used [0x00000007a5d80000,0x00000007a6f359a0,0x00000007a6f80000)
  to   space 110080K, 0% used [0x00000007aa500000,0x00000007aa500000,0x00000007b1080000)
 ParOldGen       total 521728K, used 172296K [0x00000006c0000000, 0x00000006dfd80000, 0x000000076ab00000)
  object space 521728K, 33% used [0x00000006c0000000,0x00000006ca842088,0x00000006dfd80000)
 Metaspace       used 122429K, capacity 131710K, committed 131968K, reserved 1165312K
  class space    used 15138K, capacity 16686K, committed 16768K, reserved 1048576K
Event: 7127.154 GC heap after
Heap after GC invocations=58 (full 6):
 PSYoungGen      total 960512K, used 10746K [0x000000076ab00000, 0x00000007ae300000, 0x00000007c0000000)
  eden space 897024K, 0% used [0x000000076ab00000,0x000000076ab00000,0x00000007a1700000)
  from space 63488K, 16% used [0x00000007aa500000,0x00000007aaf7eab8,0x00000007ae300000)
  to   space 104448K, 0% used [0x00000007a1700000,0x00000007a1700000,0x00000007a7d00000)
 ParOldGen       total 521728K, used 172304K [0x00000006c0000000, 0x00000006dfd80000, 0x000000076ab00000)
  object space 521728K, 33% used [0x00000006c0000000,0x00000006ca844088,0x00000006dfd80000)
 Metaspace       used 122429K, capacity 131710K, committed 131968K, reserved 1165312K
  class space    used 15138K, capacity 16686K, committed 16768K, reserved 1048576K
}
Event: 7243.774 GC heap before
{Heap before GC invocations=59 (full 6):
 PSYoungGen      total 960512K, used 907770K [0x000000076ab00000, 0x00000007ae300000, 0x00000007c0000000)
  eden space 897024K, 100% used [0x000000076ab00000,0x00000007a1700000,0x00000007a1700000)
  from space 63488K, 16% used [0x00000007aa500000,0x00000007aaf7eab8,0x00000007ae300000)
  to   space 104448K, 0% used [0x00000007a1700000,0x00000007a1700000,0x00000007a7d00000)
 ParOldGen       total 521728K, used 172304K [0x00000006c0000000, 0x00000006dfd80000, 0x000000076ab00000)
  object space 521728K, 33% used [0x00000006c0000000,0x00000006ca844088,0x00000006dfd80000)
 Metaspace       used 122446K, capacity 131710K, committed 131968K, reserved 1165312K
  class space    used 15138K, capacity 16686K, committed 16768K, reserved 1048576K
Event: 7243.784 GC heap after
Heap after GC invocations=59 (full 6):
 PSYoungGen      total 877568K, used 14298K [0x000000076ab00000, 0x00000007ab700000, 0x00000007c0000000)
  eden space 863232K, 0% used [0x000000076ab00000,0x000000076ab00000,0x000000079f600000)
  from space 14336K, 99% used [0x00000007a1700000,0x00000007a24f6a88,0x00000007a2500000)
  to   space 98816K, 0% used [0x00000007a5680000,0x00000007a5680000,0x00000007ab700000)
 ParOldGen       total 521728K, used 172304K [0x00000006c0000000, 0x00000006dfd80000, 0x000000076ab00000)
  object space 521728K, 33% used [0x00000006c0000000,0x00000006ca844088,0x00000006dfd80000)
 Metaspace       used 122446K, capacity 131710K, committed 131968K, reserved 1165312K
  class space    used 15138K, capacity 16686K, committed 16768K, reserved 1048576K
}
Event: 7245.608 GC heap before
{Heap before GC invocations=60 (full 6):
 PSYoungGen      total 877568K, used 876884K [0x000000076ab00000, 0x00000007ab700000, 0x00000007c0000000)
  eden space 863232K, 99% used [0x000000076ab00000,0x000000079f55e638,0x000000079f600000)
  from space 14336K, 99% used [0x00000007a1700000,0x00000007a24f6a88,0x00000007a2500000)
  to   space 98816K, 0% used [0x00000007a5680000,0x00000007a5680000,0x00000007ab700000)
 ParOldGen       total 521728K, used 172304K [0x00000006c0000000, 0x00000006dfd80000, 0x000000076ab00000)
  object space 521728K, 33% used [0x00000006c0000000,0x00000006ca844088,0x00000006dfd80000)
 Metaspace       used 122448K, capacity 131710K, committed 131968K, reserved 1165312K
  class space    used 15138K, capacity 16686K, committed 16768K, reserved 1048576K
Event: 7245.619 GC heap after
Heap after GC invocations=60 (full 6):
 PSYoungGen      total 886272K, used 12364K [0x000000076ab00000, 0x00000007a8c80000, 0x00000007c0000000)
  eden space 830976K, 0% used [0x000000076ab00000,0x000000076ab00000,0x000000079d680000)
  from space 55296K, 22% used [0x00000007a5680000,0x00000007a6293208,0x00000007a8c80000)
  to   space 93184K, 0% used [0x000000079d680000,0x000000079d680000,0x00000007a3180000)
 ParOldGen       total 521728K, used 172304K [0x00000006c0000000, 0x00000006dfd80000, 0x000000076ab00000)
  object space 521728K, 33% used [0x00000006c0000000,0x00000006ca844088,0x00000006dfd80000)
 Metaspace       used 122448K, capacity 131710K, committed 131968K, reserved 1165312K
  class space    used 15138K, capacity 16686K, committed 16768K, reserved 1048576K
}
Event: 7615.985 GC heap before
{Heap before GC invocations=61 (full 6):
 PSYoungGen      total 886272K, used 842489K [0x000000076ab00000, 0x00000007a8c80000, 0x00000007c0000000)
  eden space 830976K, 99% used [0x000000076ab00000,0x000000079d5ab328,0x000000079d680000)
  from space 55296K, 22% used [0x00000007a5680000,0x00000007a6293208,0x00000007a8c80000)
  to   space 93184K, 0% used [0x000000079d680000,0x000000079d680000,0x00000007a3180000)
 ParOldGen       total 521728K, used 172304K [0x00000006c0000000, 0x00000006dfd80000, 0x000000076ab00000)
  object space 521728K, 33% used [0x00000006c0000000,0x00000006ca844088,0x00000006dfd80000)
 Metaspace       used 122483K, capacity 131710K, committed 131968K, reserved 1165312K
  class space    used 15138K, capacity 16686K, committed 16768K, reserved 1048576K
Event: 7615.996 GC heap after
Heap after GC invocations=61 (full 6):
 PSYoungGen      total 817664K, used 17116K [0x000000076ab00000, 0x00000007a6280000, 0x00000007c0000000)
  eden space 800256K, 0% used [0x000000076ab00000,0x000000076ab00000,0x000000079b880000)
  from space 17408K, 98% used [0x000000079d680000,0x000000079e737358,0x000000079e780000)
  to   space 87040K, 0% used [0x00000007a0d80000,0x00000007a0d80000,0x00000007a6280000)
 ParOldGen       total 521728K, used 172312K [0x00000006c0000000, 0x00000006dfd80000, 0x000000076ab00000)
  object space 521728K, 33% used [0x00000006c0000000,0x00000006ca846088,0x00000006dfd80000)
 Metaspace       used 122483K, capacity 131710K, committed 131968K, reserved 1165312K
  class space    used 15138K, capacity 16686K, committed 16768K, reserved 1048576K
}

